2022-11-24 14:47:38,428 [main] [INFO ] com.example.helloworld.HelloWorldApplication  com.example.helloworld.HelloWorldApplication [main] Starting HelloWorldApplication using Java 19.0.1 on LAPTOP-KO9KLUCB with PID 29916 (E:\Springboot_CRUD\Farmacy-_Stock_Management\target\classes started by HP in E:\Springboot_CRUD\Farmacy-_Stock_Management)
2022-11-24 14:47:38,431 [main] [INFO ] com.example.helloworld.HelloWorldApplication  com.example.helloworld.HelloWorldApplication [main] No active profile set, falling back to 1 default profile: "default"
2022-11-24 14:47:39,148 [main] [INFO ] org.springframework.data.repository.config.RepositoryConfigurationDelegate  org.springframework.data.repository.config.RepositoryConfigurationDelegate [main] Bootstrapping Spring Data JPA repositories in DEFAULT mode.
2022-11-24 14:47:39,345 [main] [INFO ] org.springframework.data.repository.config.RepositoryConfigurationDelegate  org.springframework.data.repository.config.RepositoryConfigurationDelegate [main] Finished Spring Data repository scanning in 50 ms. Found 1 JPA repository interfaces.
2022-11-24 14:47:39,961 [main] [INFO ] org.springframework.boot.web.embedded.tomcat.TomcatWebServer  org.springframework.boot.web.embedded.tomcat.TomcatWebServer [main] Tomcat initialized with port(s): 8080 (http)
2022-11-24 14:47:39,971 [main] [INFO ] org.apache.catalina.core.StandardService  org.apache.catalina.core.StandardService [main] Starting service [Tomcat]
2022-11-24 14:47:39,971 [main] [INFO ] org.apache.catalina.core.StandardEngine  org.apache.catalina.core.StandardEngine [main] Starting Servlet engine: [Apache Tomcat/9.0.68]
2022-11-24 14:47:40,091 [main] [INFO ] org.apache.catalina.core.ContainerBase.[Tomcat].[localhost].[/]  org.apache.catalina.core.ContainerBase.[Tomcat].[localhost].[/] [main] Initializing Spring embedded WebApplicationContext
2022-11-24 14:47:40,091 [main] [INFO ] org.springframework.boot.web.servlet.context.ServletWebServerApplicationContext  org.springframework.boot.web.servlet.context.ServletWebServerApplicationContext [main] Root WebApplicationContext: initialization completed in 1595 ms
2022-11-24 14:47:40,252 [main] [INFO ] org.hibernate.jpa.internal.util.LogHelper  org.hibernate.jpa.internal.util.LogHelper [main] HHH000204: Processing PersistenceUnitInfo [name: default]
2022-11-24 14:47:40,291 [main] [INFO ] org.hibernate.Version  org.hibernate.Version [main] HHH000412: Hibernate ORM core version 5.6.12.Final
2022-11-24 14:47:40,431 [main] [INFO ] org.hibernate.annotations.common.Version  org.hibernate.annotations.common.Version [main] HCANN000001: Hibernate Commons Annotations {5.1.2.Final}
2022-11-24 14:47:40,552 [main] [INFO ] com.zaxxer.hikari.HikariDataSource  com.zaxxer.hikari.HikariDataSource [main] HikariPool-1 - Starting...
2022-11-24 14:47:40,946 [main] [INFO ] com.zaxxer.hikari.HikariDataSource  com.zaxxer.hikari.HikariDataSource [main] HikariPool-1 - Start completed.
2022-11-24 14:47:40,969 [main] [INFO ] org.hibernate.dialect.Dialect  org.hibernate.dialect.Dialect [main] HHH000400: Using dialect: org.hibernate.dialect.MySQL8Dialect
2022-11-24 14:47:41,617 [main] [INFO ] org.hibernate.engine.transaction.jta.platform.internal.JtaPlatformInitiator  org.hibernate.engine.transaction.jta.platform.internal.JtaPlatformInitiator [main] HHH000490: Using JtaPlatform implementation: [org.hibernate.engine.transaction.jta.platform.internal.NoJtaPlatform]
2022-11-24 14:47:41,625 [main] [INFO ] org.springframework.orm.jpa.LocalContainerEntityManagerFactoryBean  org.springframework.orm.jpa.LocalContainerEntityManagerFactoryBean [main] Initialized JPA EntityManagerFactory for persistence unit 'default'
2022-11-24 14:47:41,961 [main] [WARN ] org.springframework.boot.autoconfigure.orm.jpa.JpaBaseConfiguration$JpaWebConfiguration  org.springframework.boot.autoconfigure.orm.jpa.JpaBaseConfiguration$JpaWebConfiguration [main] spring.jpa.open-in-view is enabled by default. Therefore, database queries may be performed during view rendering. Explicitly configure spring.jpa.open-in-view to disable this warning
2022-11-24 14:47:42,297 [main] [INFO ] org.springframework.boot.web.embedded.tomcat.TomcatWebServer  org.springframework.boot.web.embedded.tomcat.TomcatWebServer [main] Tomcat started on port(s): 8080 (http) with context path ''
2022-11-24 14:47:42,306 [main] [INFO ] com.example.helloworld.HelloWorldApplication  com.example.helloworld.HelloWorldApplication [main] Started HelloWorldApplication in 4.348 seconds (JVM running for 4.876)
2022-11-24 14:48:54,679 [SpringApplicationShutdownHook] [INFO ] org.springframework.orm.jpa.LocalContainerEntityManagerFactoryBean  org.springframework.orm.jpa.LocalContainerEntityManagerFactoryBean [SpringApplicationShutdownHook] Closing JPA EntityManagerFactory for persistence unit 'default'
2022-11-24 14:48:54,681 [SpringApplicationShutdownHook] [INFO ] com.zaxxer.hikari.HikariDataSource  com.zaxxer.hikari.HikariDataSource [SpringApplicationShutdownHook] HikariPool-1 - Shutdown initiated...
2022-11-24 14:48:54,687 [SpringApplicationShutdownHook] [INFO ] com.zaxxer.hikari.HikariDataSource  com.zaxxer.hikari.HikariDataSource [SpringApplicationShutdownHook] HikariPool-1 - Shutdown completed.
2022-11-24 14:48:58,398 [main] [INFO ] com.example.helloworld.HelloWorldApplication        com.example.helloworld.HelloWorldApplication [main] Starting HelloWorldApplication using Java 19.0.1 on LAPTOP-KO9KLUCB with PID 33160 (E:\Springboot_CRUD\Farmacy-_Stock_Management\target\classes started by HP in E:\Springboot_CRUD\Farmacy-_Stock_Management)
2022-11-24 14:48:58,403 [main] [INFO ] com.example.helloworld.HelloWorldApplication        com.example.helloworld.HelloWorldApplication [main] No active profile set, falling back to 1 default profile: "default"
2022-11-24 14:48:59,271 [main] [INFO ] org.springframework.data.repository.config.RepositoryConfigurationDelegate  org.springframework.data.repository.config.RepositoryConfigurationDelegate [main] Bootstrapping Spring Data JPA repositories in DEFAULT mode.
2022-11-24 14:48:59,340 [main] [INFO ] org.springframework.data.repository.config.RepositoryConfigurationDelegate  org.springframework.data.repository.config.RepositoryConfigurationDelegate [main] Finished Spring Data repository scanning in 59 ms. Found 1 JPA repository interfaces.
2022-11-24 14:49:00,098 [main] [INFO ] org.springframework.boot.web.embedded.tomcat.TomcatWebServer  org.springframework.boot.web.embedded.tomcat.TomcatWebServer [main] Tomcat initialized with port(s): 8080 (http)
2022-11-24 14:49:00,114 [main] [INFO ] org.apache.catalina.core.StandardService            org.apache.catalina.core.StandardService [main] Starting service [Tomcat]
2022-11-24 14:49:00,114 [main] [INFO ] org.apache.catalina.core.StandardEngine             org.apache.catalina.core.StandardEngine [main] Starting Servlet engine: [Apache Tomcat/9.0.68]
2022-11-24 14:49:00,243 [main] [INFO ] org.apache.catalina.core.ContainerBase.[Tomcat].[localhost].[/]  org.apache.catalina.core.ContainerBase.[Tomcat].[localhost].[/] [main] Initializing Spring embedded WebApplicationContext
2022-11-24 14:49:00,243 [main] [INFO ] org.springframework.boot.web.servlet.context.ServletWebServerApplicationContext  org.springframework.boot.web.servlet.context.ServletWebServerApplicationContext [main] Root WebApplicationContext: initialization completed in 1767 ms
2022-11-24 14:49:00,429 [main] [INFO ] org.hibernate.jpa.internal.util.LogHelper           org.hibernate.jpa.internal.util.LogHelper [main] HHH000204: Processing PersistenceUnitInfo [name: default]
2022-11-24 14:49:00,473 [main] [INFO ] org.hibernate.Version                               org.hibernate.Version [main] HHH000412: Hibernate ORM core version 5.6.12.Final
2022-11-24 14:49:00,612 [main] [INFO ] org.hibernate.annotations.common.Version            org.hibernate.annotations.common.Version [main] HCANN000001: Hibernate Commons Annotations {5.1.2.Final}
2022-11-24 14:49:00,709 [main] [INFO ] com.zaxxer.hikari.HikariDataSource                  com.zaxxer.hikari.HikariDataSource [main] HikariPool-1 - Starting...
2022-11-24 14:49:01,034 [main] [INFO ] com.zaxxer.hikari.HikariDataSource                  com.zaxxer.hikari.HikariDataSource [main] HikariPool-1 - Start completed.
2022-11-24 14:49:01,074 [main] [INFO ] org.hibernate.dialect.Dialect                       org.hibernate.dialect.Dialect [main] HHH000400: Using dialect: org.hibernate.dialect.MySQL8Dialect
2022-11-24 14:49:01,795 [main] [INFO ] org.hibernate.engine.transaction.jta.platform.internal.JtaPlatformInitiator  org.hibernate.engine.transaction.jta.platform.internal.JtaPlatformInitiator [main] HHH000490: Using JtaPlatform implementation: [org.hibernate.engine.transaction.jta.platform.internal.NoJtaPlatform]
2022-11-24 14:49:01,803 [main] [INFO ] org.springframework.orm.jpa.LocalContainerEntityManagerFactoryBean  org.springframework.orm.jpa.LocalContainerEntityManagerFactoryBean [main] Initialized JPA EntityManagerFactory for persistence unit 'default'
2022-11-24 14:49:02,200 [main] [WARN ] org.springframework.boot.autoconfigure.orm.jpa.JpaBaseConfiguration$JpaWebConfiguration  org.springframework.boot.autoconfigure.orm.jpa.JpaBaseConfiguration$JpaWebConfiguration [main] spring.jpa.open-in-view is enabled by default. Therefore, database queries may be performed during view rendering. Explicitly configure spring.jpa.open-in-view to disable this warning
2022-11-24 14:49:02,566 [main] [INFO ] org.springframework.boot.web.embedded.tomcat.TomcatWebServer  org.springframework.boot.web.embedded.tomcat.TomcatWebServer [main] Tomcat started on port(s): 8080 (http) with context path ''
2022-11-24 14:49:02,576 [main] [INFO ] com.example.helloworld.HelloWorldApplication        com.example.helloworld.HelloWorldApplication [main] Started HelloWorldApplication in 4.74 seconds (JVM running for 5.328)
2022-11-24 14:49:29,959 [SpringApplicationShutdownHook] [INFO ] org.springframework.orm.jpa.LocalContainerEntityManagerFactoryBean  org.springframework.orm.jpa.LocalContainerEntityManagerFactoryBean [SpringApplicationShutdownHook] Closing JPA EntityManagerFactory for persistence unit 'default'
2022-11-24 14:49:29,960 [SpringApplicationShutdownHook] [INFO ] com.zaxxer.hikari.HikariDataSource                  com.zaxxer.hikari.HikariDataSource [SpringApplicationShutdownHook] HikariPool-1 - Shutdown initiated...
2022-11-24 14:49:29,967 [SpringApplicationShutdownHook] [INFO ] com.zaxxer.hikari.HikariDataSource                  com.zaxxer.hikari.HikariDataSource [SpringApplicationShutdownHook] HikariPool-1 - Shutdown completed.
2022-11-24 14:49:36,442 [main] [INFO ] [com.example.helloworld.HelloWorldApplication      ]  com.example.helloworld.HelloWorldApplication [main] Starting HelloWorldApplication using Java 19.0.1 on LAPTOP-KO9KLUCB with PID 19616 (E:\Springboot_CRUD\Farmacy-_Stock_Management\target\classes started by HP in E:\Springboot_CRUD\Farmacy-_Stock_Management)
2022-11-24 14:49:36,446 [main] [INFO ] [com.example.helloworld.HelloWorldApplication      ]  com.example.helloworld.HelloWorldApplication [main] No active profile set, falling back to 1 default profile: "default"
2022-11-24 14:49:37,394 [main] [INFO ] [org.springframework.data.repository.config.RepositoryConfigurationDelegate]  org.springframework.data.repository.config.RepositoryConfigurationDelegate [main] Bootstrapping Spring Data JPA repositories in DEFAULT mode.
2022-11-24 14:49:37,563 [main] [INFO ] [org.springframework.data.repository.config.RepositoryConfigurationDelegate]  org.springframework.data.repository.config.RepositoryConfigurationDelegate [main] Finished Spring Data repository scanning in 153 ms. Found 1 JPA repository interfaces.
2022-11-24 14:49:38,580 [main] [INFO ] [org.springframework.boot.web.embedded.tomcat.TomcatWebServer]  org.springframework.boot.web.embedded.tomcat.TomcatWebServer [main] Tomcat initialized with port(s): 8080 (http)
2022-11-24 14:49:38,590 [main] [INFO ] [org.apache.catalina.core.StandardService          ]  org.apache.catalina.core.StandardService [main] Starting service [Tomcat]
2022-11-24 14:49:38,591 [main] [INFO ] [org.apache.catalina.core.StandardEngine           ]  org.apache.catalina.core.StandardEngine [main] Starting Servlet engine: [Apache Tomcat/9.0.68]
2022-11-24 14:49:38,718 [main] [INFO ] [org.apache.catalina.core.ContainerBase.[Tomcat].[localhost].[/]]  org.apache.catalina.core.ContainerBase.[Tomcat].[localhost].[/] [main] Initializing Spring embedded WebApplicationContext
2022-11-24 14:49:38,718 [main] [INFO ] [org.springframework.boot.web.servlet.context.ServletWebServerApplicationContext]  org.springframework.boot.web.servlet.context.ServletWebServerApplicationContext [main] Root WebApplicationContext: initialization completed in 2210 ms
2022-11-24 14:49:38,949 [main] [INFO ] [org.hibernate.jpa.internal.util.LogHelper         ]  org.hibernate.jpa.internal.util.LogHelper [main] HHH000204: Processing PersistenceUnitInfo [name: default]
2022-11-24 14:49:39,001 [main] [INFO ] [org.hibernate.Version                             ]  org.hibernate.Version [main] HHH000412: Hibernate ORM core version 5.6.12.Final
2022-11-24 14:49:39,173 [main] [INFO ] [org.hibernate.annotations.common.Version          ]  org.hibernate.annotations.common.Version [main] HCANN000001: Hibernate Commons Annotations {5.1.2.Final}
2022-11-24 14:49:39,285 [main] [INFO ] [com.zaxxer.hikari.HikariDataSource                ]  com.zaxxer.hikari.HikariDataSource [main] HikariPool-1 - Starting...
2022-11-24 14:49:39,725 [main] [INFO ] [com.zaxxer.hikari.HikariDataSource                ]  com.zaxxer.hikari.HikariDataSource [main] HikariPool-1 - Start completed.
2022-11-24 14:49:39,782 [main] [INFO ] [org.hibernate.dialect.Dialect                     ]  org.hibernate.dialect.Dialect [main] HHH000400: Using dialect: org.hibernate.dialect.MySQL8Dialect
2022-11-24 14:49:40,441 [main] [INFO ] [org.hibernate.engine.transaction.jta.platform.internal.JtaPlatformInitiator]  org.hibernate.engine.transaction.jta.platform.internal.JtaPlatformInitiator [main] HHH000490: Using JtaPlatform implementation: [org.hibernate.engine.transaction.jta.platform.internal.NoJtaPlatform]
2022-11-24 14:49:40,447 [main] [INFO ] [org.springframework.orm.jpa.LocalContainerEntityManagerFactoryBean]  org.springframework.orm.jpa.LocalContainerEntityManagerFactoryBean [main] Initialized JPA EntityManagerFactory for persistence unit 'default'
2022-11-24 14:49:40,987 [main] [WARN ] [org.springframework.boot.autoconfigure.orm.jpa.JpaBaseConfiguration$JpaWebConfiguration]  org.springframework.boot.autoconfigure.orm.jpa.JpaBaseConfiguration$JpaWebConfiguration [main] spring.jpa.open-in-view is enabled by default. Therefore, database queries may be performed during view rendering. Explicitly configure spring.jpa.open-in-view to disable this warning
2022-11-24 14:49:41,407 [main] [INFO ] [org.springframework.boot.web.embedded.tomcat.TomcatWebServer]  org.springframework.boot.web.embedded.tomcat.TomcatWebServer [main] Tomcat started on port(s): 8080 (http) with context path ''
2022-11-24 14:49:41,420 [main] [INFO ] [com.example.helloworld.HelloWorldApplication      ]  com.example.helloworld.HelloWorldApplication [main] Started HelloWorldApplication in 5.534 seconds (JVM running for 6.185)
2022-11-24 14:50:02,383 [SpringApplicationShutdownHook] [INFO ] [org.springframework.orm.jpa.LocalContainerEntityManagerFactoryBean]  org.springframework.orm.jpa.LocalContainerEntityManagerFactoryBean [SpringApplicationShutdownHook] Closing JPA EntityManagerFactory for persistence unit 'default'
2022-11-24 14:50:02,385 [SpringApplicationShutdownHook] [INFO ] [com.zaxxer.hikari.HikariDataSource                ]  com.zaxxer.hikari.HikariDataSource [SpringApplicationShutdownHook] HikariPool-1 - Shutdown initiated...
2022-11-24 14:50:02,390 [SpringApplicationShutdownHook] [INFO ] [com.zaxxer.hikari.HikariDataSource                ]  com.zaxxer.hikari.HikariDataSource [SpringApplicationShutdownHook] HikariPool-1 - Shutdown completed.
2022-11-24 14:50:07,593 main [INFO ] [com.example.helloworld.HelloWorldApplication      ]  com.example.helloworld.HelloWorldApplication [main] Starting HelloWorldApplication using Java 19.0.1 on LAPTOP-KO9KLUCB with PID 4440 (E:\Springboot_CRUD\Farmacy-_Stock_Management\target\classes started by HP in E:\Springboot_CRUD\Farmacy-_Stock_Management)
2022-11-24 14:50:07,597 main [INFO ] [com.example.helloworld.HelloWorldApplication      ]  com.example.helloworld.HelloWorldApplication [main] No active profile set, falling back to 1 default profile: "default"
2022-11-24 14:50:08,954 main [INFO ] [org.springframework.data.repository.config.RepositoryConfigurationDelegate]  org.springframework.data.repository.config.RepositoryConfigurationDelegate [main] Bootstrapping Spring Data JPA repositories in DEFAULT mode.
2022-11-24 14:50:09,027 main [INFO ] [org.springframework.data.repository.config.RepositoryConfigurationDelegate]  org.springframework.data.repository.config.RepositoryConfigurationDelegate [main] Finished Spring Data repository scanning in 60 ms. Found 1 JPA repository interfaces.
2022-11-24 14:50:09,980 main [INFO ] [org.springframework.boot.web.embedded.tomcat.TomcatWebServer]  org.springframework.boot.web.embedded.tomcat.TomcatWebServer [main] Tomcat initialized with port(s): 8080 (http)
2022-11-24 14:50:09,997 main [INFO ] [org.apache.catalina.core.StandardService          ]  org.apache.catalina.core.StandardService [main] Starting service [Tomcat]
2022-11-24 14:50:09,998 main [INFO ] [org.apache.catalina.core.StandardEngine           ]  org.apache.catalina.core.StandardEngine [main] Starting Servlet engine: [Apache Tomcat/9.0.68]
2022-11-24 14:50:10,177 main [INFO ] [org.apache.catalina.core.ContainerBase.[Tomcat].[localhost].[/]]  org.apache.catalina.core.ContainerBase.[Tomcat].[localhost].[/] [main] Initializing Spring embedded WebApplicationContext
2022-11-24 14:50:10,177 main [INFO ] [org.springframework.boot.web.servlet.context.ServletWebServerApplicationContext]  org.springframework.boot.web.servlet.context.ServletWebServerApplicationContext [main] Root WebApplicationContext: initialization completed in 2521 ms
2022-11-24 14:50:10,378 main [INFO ] [org.hibernate.jpa.internal.util.LogHelper         ]  org.hibernate.jpa.internal.util.LogHelper [main] HHH000204: Processing PersistenceUnitInfo [name: default]
2022-11-24 14:50:10,423 main [INFO ] [org.hibernate.Version                             ]  org.hibernate.Version [main] HHH000412: Hibernate ORM core version 5.6.12.Final
2022-11-24 14:50:10,607 main [INFO ] [org.hibernate.annotations.common.Version          ]  org.hibernate.annotations.common.Version [main] HCANN000001: Hibernate Commons Annotations {5.1.2.Final}
2022-11-24 14:50:10,740 main [INFO ] [com.zaxxer.hikari.HikariDataSource                ]  com.zaxxer.hikari.HikariDataSource [main] HikariPool-1 - Starting...
2022-11-24 14:50:11,119 main [INFO ] [com.zaxxer.hikari.HikariDataSource                ]  com.zaxxer.hikari.HikariDataSource [main] HikariPool-1 - Start completed.
2022-11-24 14:50:11,160 main [INFO ] [org.hibernate.dialect.Dialect                     ]  org.hibernate.dialect.Dialect [main] HHH000400: Using dialect: org.hibernate.dialect.MySQL8Dialect
2022-11-24 14:50:12,047 main [INFO ] [org.hibernate.engine.transaction.jta.platform.internal.JtaPlatformInitiator]  org.hibernate.engine.transaction.jta.platform.internal.JtaPlatformInitiator [main] HHH000490: Using JtaPlatform implementation: [org.hibernate.engine.transaction.jta.platform.internal.NoJtaPlatform]
2022-11-24 14:50:12,057 main [INFO ] [org.springframework.orm.jpa.LocalContainerEntityManagerFactoryBean]  org.springframework.orm.jpa.LocalContainerEntityManagerFactoryBean [main] Initialized JPA EntityManagerFactory for persistence unit 'default'
2022-11-24 14:50:12,487 main [WARN ] [org.springframework.boot.autoconfigure.orm.jpa.JpaBaseConfiguration$JpaWebConfiguration]  org.springframework.boot.autoconfigure.orm.jpa.JpaBaseConfiguration$JpaWebConfiguration [main] spring.jpa.open-in-view is enabled by default. Therefore, database queries may be performed during view rendering. Explicitly configure spring.jpa.open-in-view to disable this warning
2022-11-24 14:50:12,889 main [INFO ] [org.springframework.boot.web.embedded.tomcat.TomcatWebServer]  org.springframework.boot.web.embedded.tomcat.TomcatWebServer [main] Tomcat started on port(s): 8080 (http) with context path ''
2022-11-24 14:50:12,902 main [INFO ] [com.example.helloworld.HelloWorldApplication      ]  com.example.helloworld.HelloWorldApplication [main] Started HelloWorldApplication in 5.811 seconds (JVM running for 6.46)
2022-11-24 15:06:04,313 SpringApplicationShutdownHook [INFO ] [org.springframework.orm.jpa.LocalContainerEntityManagerFactoryBean]  org.springframework.orm.jpa.LocalContainerEntityManagerFactoryBean [SpringApplicationShutdownHook] Closing JPA EntityManagerFactory for persistence unit 'default'
2022-11-24 15:06:04,318 SpringApplicationShutdownHook [INFO ] [com.zaxxer.hikari.HikariDataSource                ]  com.zaxxer.hikari.HikariDataSource [SpringApplicationShutdownHook] HikariPool-1 - Shutdown initiated...
2022-11-24 15:06:04,379 SpringApplicationShutdownHook [INFO ] [com.zaxxer.hikari.HikariDataSource                ]  com.zaxxer.hikari.HikariDataSource [SpringApplicationShutdownHook] HikariPool-1 - Shutdown completed.
2022-11-24 15:08:03,709 main [INFO ] [com.example.helloworld.HelloWorldApplication      ] com.example.helloworld.HelloWorldApplication Starting HelloWorldApplication using Java 19.0.1 on LAPTOP-KO9KLUCB with PID 20432 (E:\Springboot_CRUD\Farmacy-_Stock_Management\target\classes started by HP in E:\Springboot_CRUD\Farmacy-_Stock_Management)
2022-11-24 15:08:03,713 main [INFO ] [com.example.helloworld.HelloWorldApplication      ] com.example.helloworld.HelloWorldApplication No active profile set, falling back to 1 default profile: "default"
