2022-11-25 15:43:36,334 main [INFO ] [com.example.helloworld.HelloWorldApplication      ] com.example.helloworld.HelloWorldApplication Started HelloWorldApplication in 16.05 seconds (JVM running for 19.442)
2022-11-25 15:44:42,821 main [INFO ] [com.example.helloworld.HelloWorldApplication      ] com.example.helloworld.HelloWorldApplication Starting HelloWorldApplication using Java 1.8.0_351 on DESKTOP-AVMMBPG with PID 1360 (C:\Users\Akila\IdeaProjects\HelloWorld\target\classes started by Akila in C:\Users\Akila\IdeaProjects\HelloWorld)
2022-11-25 15:44:42,836 main [DEBUG] [com.example.helloworld.HelloWorldApplication      ] com.example.helloworld.HelloWorldApplication Running with Spring Boot v2.7.5, Spring v5.3.23
2022-11-25 15:44:42,836 main [INFO ] [com.example.helloworld.HelloWorldApplication      ] com.example.helloworld.HelloWorldApplication No active profile set, falling back to 1 default profile: "default"
2022-11-25 15:44:52,116 main [INFO ] [com.example.helloworld.HelloWorldApplication      ] com.example.helloworld.HelloWorldApplication Started HelloWorldApplication in 10.431 seconds (JVM running for 13.653)
2022-11-25 15:45:32,329 main [ERROR] [org.springframework.boot.SpringApplication        ] org.springframework.boot.SpringApplication Application run failed
java.lang.IllegalStateException: java.lang.IllegalStateException: Logback configuration error detected: 
ERROR in ch.qos.logback.core.joran.action.AppenderRefAction - Could not find an appender named [CONSOLE]. Did you define it below instead of above in the configuration file?
ERROR in ch.qos.logback.core.joran.action.AppenderRefAction - See http://logback.qos.ch/codes.html#appender_order for more details.
ERROR in ch.qos.logback.core.joran.action.AppenderRefAction - Could not find an appender named [CONSOLE]. Did you define it below instead of above in the configuration file?
ERROR in ch.qos.logback.core.joran.action.AppenderRefAction - See http://logback.qos.ch/codes.html#appender_order for more details.
	at org.springframework.boot.context.logging.LoggingApplicationListener.initializeSystem(LoggingApplicationListener.java:344)
	at org.springframework.boot.context.logging.LoggingApplicationListener.initialize(LoggingApplicationListener.java:298)
	at org.springframework.boot.context.logging.LoggingApplicationListener.onApplicationEnvironmentPreparedEvent(LoggingApplicationListener.java:246)
	at org.springframework.boot.context.logging.LoggingApplicationListener.onApplicationEvent(LoggingApplicationListener.java:223)
	at org.springframework.context.event.SimpleApplicationEventMulticaster.doInvokeListener(SimpleApplicationEventMulticaster.java:176)
	at org.springframework.context.event.SimpleApplicationEventMulticaster.invokeListener(SimpleApplicationEventMulticaster.java:169)
	at org.springframework.context.event.SimpleApplicationEventMulticaster.multicastEvent(SimpleApplicationEventMulticaster.java:143)
	at org.springframework.context.event.SimpleApplicationEventMulticaster.multicastEvent(SimpleApplicationEventMulticaster.java:131)
	at org.springframework.boot.context.event.EventPublishingRunListener.environmentPrepared(EventPublishingRunListener.java:85)
	at org.springframework.boot.SpringApplicationRunListeners.lambda$environmentPrepared$2(SpringApplicationRunListeners.java:66)
	at java.util.ArrayList.forEach(ArrayList.java:1259)
	at org.springframework.boot.SpringApplicationRunListeners.doWithListeners(SpringApplicationRunListeners.java:120)
	at org.springframework.boot.SpringApplicationRunListeners.doWithListeners(SpringApplicationRunListeners.java:114)
	at org.springframework.boot.SpringApplicationRunListeners.environmentPrepared(SpringApplicationRunListeners.java:65)
	at org.springframework.boot.SpringApplication.prepareEnvironment(SpringApplication.java:344)
	at org.springframework.boot.SpringApplication.run(SpringApplication.java:302)
	at org.springframework.boot.SpringApplication.run(SpringApplication.java:1306)
	at org.springframework.boot.SpringApplication.run(SpringApplication.java:1295)
	at com.example.helloworld.HelloWorldApplication.main(HelloWorldApplication.java:12)
Caused by: java.lang.IllegalStateException: Logback configuration error detected: 
ERROR in ch.qos.logback.core.joran.action.AppenderRefAction - Could not find an appender named [CONSOLE]. Did you define it below instead of above in the configuration file?
ERROR in ch.qos.logback.core.joran.action.AppenderRefAction - See http://logback.qos.ch/codes.html#appender_order for more details.
ERROR in ch.qos.logback.core.joran.action.AppenderRefAction - Could not find an appender named [CONSOLE]. Did you define it below instead of above in the configuration file?
ERROR in ch.qos.logback.core.joran.action.AppenderRefAction - See http://logback.qos.ch/codes.html#appender_order for more details.
	at org.springframework.boot.logging.logback.LogbackLoggingSystem.loadConfiguration(LogbackLoggingSystem.java:179)
	at org.springframework.boot.logging.logback.LogbackLoggingSystem.reinitialize(LogbackLoggingSystem.java:232)
	at org.springframework.boot.logging.AbstractLoggingSystem.initializeWithConventions(AbstractLoggingSystem.java:73)
	at org.springframework.boot.logging.AbstractLoggingSystem.initialize(AbstractLoggingSystem.java:60)
	at org.springframework.boot.logging.logback.LogbackLoggingSystem.initialize(LogbackLoggingSystem.java:132)
	at org.springframework.boot.context.logging.LoggingApplicationListener.initializeSystem(LoggingApplicationListener.java:329)
	... 18 common frames omitted
2022-11-25 15:46:00,671 main [INFO ] [com.example.helloworld.HelloWorldApplication      ] com.example.helloworld.HelloWorldApplication Starting HelloWorldApplication using Java 1.8.0_351 on DESKTOP-AVMMBPG with PID 18356 (C:\Users\Akila\IdeaProjects\HelloWorld\target\classes started by Akila in C:\Users\Akila\IdeaProjects\HelloWorld)
2022-11-25 15:46:00,682 main [DEBUG] [com.example.helloworld.HelloWorldApplication      ] com.example.helloworld.HelloWorldApplication Running with Spring Boot v2.7.5, Spring v5.3.23
2022-11-25 15:46:00,682 main [INFO ] [com.example.helloworld.HelloWorldApplication      ] com.example.helloworld.HelloWorldApplication No active profile set, falling back to 1 default profile: "default"
