2022-11-25 15:46:10,329 main [INFO ] [com.example.helloworld.HelloWorldApplication      ] com.example.helloworld.HelloWorldApplication Started HelloWorldApplication in 11.097 seconds (JVM running for 15.059)
2022-11-25 15:47:47,147 main [INFO ] [com.example.helloworld.HelloWorldApplication      ] com.example.helloworld.HelloWorldApplication Starting HelloWorldApplication using Java 1.8.0_351 on DESKTOP-AVMMBPG with PID 12892 (C:\Users\Akila\IdeaProjects\HelloWorld\target\classes started by Akila in C:\Users\Akila\IdeaProjects\HelloWorld)
2022-11-25 15:47:47,147 main [DEBUG] [com.example.helloworld.HelloWorldApplication      ] com.example.helloworld.HelloWorldApplication Running with Spring Boot v2.7.5, Spring v5.3.23
2022-11-25 15:47:47,155 main [INFO ] [com.example.helloworld.HelloWorldApplication      ] com.example.helloworld.HelloWorldApplication No active profile set, falling back to 1 default profile: "default"
2022-11-25 15:47:57,579 main [INFO ] [com.example.helloworld.HelloWorldApplication      ] com.example.helloworld.HelloWorldApplication Started HelloWorldApplication in 11.617 seconds (JVM running for 14.773)
2022-11-25 15:57:16,237 main [INFO ] [com.example.helloworld.HelloWorldApplication      ] com.example.helloworld.HelloWorldApplication Starting HelloWorldApplication using Java 1.8.0_351 on DESKTOP-AVMMBPG with PID 6180 (C:\Users\Akila\IdeaProjects\HelloWorld\target\classes started by Akila in C:\Users\Akila\IdeaProjects\HelloWorld)
2022-11-25 15:57:16,242 main [DEBUG] [com.example.helloworld.HelloWorldApplication      ] com.example.helloworld.HelloWorldApplication Running with Spring Boot v2.7.5, Spring v5.3.23
2022-11-25 15:57:16,243 main [INFO ] [com.example.helloworld.HelloWorldApplication      ] com.example.helloworld.HelloWorldApplication No active profile set, falling back to 1 default profile: "default"
2022-11-25 15:57:22,068 main [INFO ] [com.example.helloworld.HelloWorldApplication      ] com.example.helloworld.HelloWorldApplication Started HelloWorldApplication in 6.91 seconds (JVM running for 9.564)
2022-11-25 16:15:53,749 main [INFO ] [com.example.helloworld.HelloWorldApplication      ] com.example.helloworld.HelloWorldApplication Starting HelloWorldApplication using Java 1.8.0_351 on DESKTOP-AVMMBPG with PID 6980 (C:\Users\Akila\IdeaProjects\HelloWorld\target\classes started by Akila in C:\Users\Akila\IdeaProjects\HelloWorld)
2022-11-25 16:15:53,753 main [DEBUG] [com.example.helloworld.HelloWorldApplication      ] com.example.helloworld.HelloWorldApplication Running with Spring Boot v2.7.5, Spring v5.3.23
2022-11-25 16:15:53,755 main [INFO ] [com.example.helloworld.HelloWorldApplication      ] com.example.helloworld.HelloWorldApplication No active profile set, falling back to 1 default profile: "default"
2022-11-25 16:16:01,232 main [INFO ] [com.example.helloworld.HelloWorldApplication      ] com.example.helloworld.HelloWorldApplication Started HelloWorldApplication in 8.402 seconds (JVM running for 10.563)
2022-11-25 16:18:45,861 http-nio-8080-exec-5 [INFO ] [com.example.helloworld.service.ProductServiceImplementation] com.example.helloworld.service.ProductServiceImplementation Get user details
2022-11-25 16:56:48,427 main [INFO ] [com.example.helloworld.UserRepositoryTest         ] com.example.helloworld.UserRepositoryTest Starting UserRepositoryTest using Java 1.8.0_351 on DESKTOP-AVMMBPG with PID 11100 (started by Akila in C:\Users\Akila\IdeaProjects\HelloWorld)
2022-11-25 16:56:48,434 main [DEBUG] [com.example.helloworld.UserRepositoryTest         ] com.example.helloworld.UserRepositoryTest Running with Spring Boot v2.7.5, Spring v5.3.23
2022-11-25 16:56:48,435 main [INFO ] [com.example.helloworld.UserRepositoryTest         ] com.example.helloworld.UserRepositoryTest No active profile set, falling back to 1 default profile: "default"
2022-11-25 16:56:55,381 main [INFO ] [com.example.helloworld.UserRepositoryTest         ] com.example.helloworld.UserRepositoryTest Started UserRepositoryTest in 7.757 seconds (JVM running for 10.042)
2022-11-25 17:00:44,507 main [INFO ] [com.example.helloworld.HelloWorldApplication      ] com.example.helloworld.HelloWorldApplication Starting HelloWorldApplication using Java 1.8.0_351 on DESKTOP-AVMMBPG with PID 6468 (C:\Users\Akila\IdeaProjects\HelloWorld\target\classes started by Akila in C:\Users\Akila\IdeaProjects\HelloWorld)
2022-11-25 17:00:44,512 main [DEBUG] [com.example.helloworld.HelloWorldApplication      ] com.example.helloworld.HelloWorldApplication Running with Spring Boot v2.7.5, Spring v5.3.23
2022-11-25 17:00:44,516 main [INFO ] [com.example.helloworld.HelloWorldApplication      ] com.example.helloworld.HelloWorldApplication No active profile set, falling back to 1 default profile: "default"
2022-11-25 17:00:50,898 main [INFO ] [com.example.helloworld.HelloWorldApplication      ] com.example.helloworld.HelloWorldApplication Started HelloWorldApplication in 7.159 seconds (JVM running for 9.505)
2022-11-25 18:07:51,540 main [INFO ] [com.example.helloworld.HelloWorldApplication      ] com.example.helloworld.HelloWorldApplication Starting HelloWorldApplication using Java 1.8.0_351 on DESKTOP-AVMMBPG with PID 8748 (C:\Users\Akila\IdeaProjects\HelloWorld\target\classes started by Akila in C:\Users\Akila\IdeaProjects\HelloWorld)
2022-11-25 18:07:51,540 main [DEBUG] [com.example.helloworld.HelloWorldApplication      ] com.example.helloworld.HelloWorldApplication Running with Spring Boot v2.7.5, Spring v5.3.23
2022-11-25 18:07:51,540 main [INFO ] [com.example.helloworld.HelloWorldApplication      ] com.example.helloworld.HelloWorldApplication No active profile set, falling back to 1 default profile: "default"
