2022-11-24 14:45:57,697 DEBUG org.springframework.boot.availability.ApplicationAvailabilityBean [SpringApplicationShutdownHook] Application availability state ReadinessState changed from ACCEPTING_TRAFFIC to REFUSING_TRAFFIC
2022-11-24 14:45:57,697 DEBUG org.springframework.boot.web.servlet.context.AnnotationConfigServletWebServerApplicationContext [SpringApplicationShutdownHook] Closing org.springframework.boot.web.servlet.context.AnnotationConfigServletWebServerApplicationContext@932bc4a, started on Thu Nov 24 14:42:10 IST 2022
2022-11-24 14:45:57,697 DEBUG org.springframework.boot.context.properties.source.ConfigurationPropertySourcesPropertyResolver$DefaultResolver [SpringApplicationShutdownHook] Found key 'spring.liveBeansView.mbeanDomain' in PropertySource 'systemProperties' with value of type String
2022-11-24 14:45:57,715 DEBUG org.springframework.context.support.DefaultLifecycleProcessor [SpringApplicationShutdownHook] Stopping beans in phase 2147483647
2022-11-24 14:45:57,720 DEBUG org.springframework.context.support.DefaultLifecycleProcessor [SpringApplicationShutdownHook] Bean 'webServerGracefulShutdown' completed its stop procedure
2022-11-24 14:45:57,720 DEBUG org.springframework.context.support.DefaultLifecycleProcessor [SpringApplicationShutdownHook] Stopping beans in phase 2147483646
2022-11-24 14:45:58,447 DEBUG org.springframework.context.support.DefaultLifecycleProcessor [SpringApplicationShutdownHook] Bean 'webServerStartStop' completed its stop procedure
2022-11-24 14:45:58,447 DEBUG org.springframework.context.support.DefaultLifecycleProcessor [SpringApplicationShutdownHook] Stopping beans in phase -2147483647
2022-11-24 14:45:58,447 DEBUG org.springframework.context.support.DefaultLifecycleProcessor [SpringApplicationShutdownHook] Bean 'springBootLoggingLifecycle' completed its stop procedure
2022-11-24 14:45:58,447 DEBUG org.springframework.jmx.export.annotation.AnnotationMBeanExporter [SpringApplicationShutdownHook] Unregistering JMX-exposed beans on shutdown
2022-11-24 14:45:58,447 DEBUG org.springframework.jmx.export.annotation.AnnotationMBeanExporter [SpringApplicationShutdownHook] Unregistering JMX-exposed beans
2022-11-24 14:45:58,447 DEBUG org.springframework.scheduling.concurrent.ThreadPoolTaskExecutor [SpringApplicationShutdownHook] Shutting down ExecutorService 'applicationTaskExecutor'
2022-11-24 14:45:58,447 INFO org.springframework.orm.jpa.LocalContainerEntityManagerFactoryBean [SpringApplicationShutdownHook] Closing JPA EntityManagerFactory for persistence unit 'default'
2022-11-24 14:46:08,450 INFO com.example.helloworld.HelloWorldApplication [main] Starting HelloWorldApplication using Java 1.8.0_351 on DESKTOP-AVMMBPG with PID 9192 (C:\Users\Akila\IdeaProjects\HelloWorld\target\classes started by Akila in C:\Users\Akila\IdeaProjects\HelloWorld)
2022-11-24 14:46:08,450 DEBUG com.example.helloworld.HelloWorldApplication [main] Running with Spring Boot v2.7.5, Spring v5.3.23
2022-11-24 14:46:08,450 INFO com.example.helloworld.HelloWorldApplication [main] No active profile set, falling back to 1 default profile: "default"
2022-11-24 14:46:17,464 INFO com.example.helloworld.HelloWorldApplication [main] Started HelloWorldApplication in 10.162 seconds (JVM running for 13.079)
2022-11-25 15:38:36,607 main [INFO ] [com.example.helloworld.HelloWorldApplication      ] com.example.helloworld.HelloWorldApplication Starting HelloWorldApplication using Java 1.8.0_351 on DESKTOP-AVMMBPG with PID 13508 (C:\Users\Akila\IdeaProjects\HelloWorld\target\classes started by Akila in C:\Users\Akila\IdeaProjects\HelloWorld)
2022-11-25 15:38:36,632 main [DEBUG] [com.example.helloworld.HelloWorldApplication      ] com.example.helloworld.HelloWorldApplication Running with Spring Boot v2.7.5, Spring v5.3.23
2022-11-25 15:38:36,632 main [INFO ] [com.example.helloworld.HelloWorldApplication      ] com.example.helloworld.HelloWorldApplication No active profile set, falling back to 1 default profile: "default"
2022-11-25 15:38:47,261 main [INFO ] [com.example.helloworld.HelloWorldApplication      ] com.example.helloworld.HelloWorldApplication Started HelloWorldApplication in 12.028 seconds (JVM running for 16.136)
2022-11-25 15:41:57,444 main [INFO ] [com.example.helloworld.HelloWorldApplication      ] com.example.helloworld.HelloWorldApplication Starting HelloWorldApplication using Java 1.8.0_351 on DESKTOP-AVMMBPG with PID 12160 (C:\Users\Akila\IdeaProjects\HelloWorld\target\classes started by Akila in C:\Users\Akila\IdeaProjects\HelloWorld)
2022-11-25 15:41:57,452 main [DEBUG] [com.example.helloworld.HelloWorldApplication      ] com.example.helloworld.HelloWorldApplication Running with Spring Boot v2.7.5, Spring v5.3.23
2022-11-25 15:41:57,456 main [INFO ] [com.example.helloworld.HelloWorldApplication      ] com.example.helloworld.HelloWorldApplication No active profile set, falling back to 1 default profile: "default"
2022-11-25 15:42:09,139 main [INFO ] [com.example.helloworld.HelloWorldApplication      ] com.example.helloworld.HelloWorldApplication Started HelloWorldApplication in 14.253 seconds (JVM running for 18.208)
2022-11-25 15:43:21,640 main [INFO ] [com.example.helloworld.HelloWorldApplication      ] com.example.helloworld.HelloWorldApplication Starting HelloWorldApplication using Java 1.8.0_351 on DESKTOP-AVMMBPG with PID 12524 (C:\Users\Akila\IdeaProjects\HelloWorld\target\classes started by Akila in C:\Users\Akila\IdeaProjects\HelloWorld)
2022-11-25 15:43:21,640 main [DEBUG] [com.example.helloworld.HelloWorldApplication      ] com.example.helloworld.HelloWorldApplication Running with Spring Boot v2.7.5, Spring v5.3.23
2022-11-25 15:43:21,656 main [INFO ] [com.example.helloworld.HelloWorldApplication      ] com.example.helloworld.HelloWorldApplication No active profile set, falling back to 1 default profile: "default"
